#
# There is insufficient memory for the Java Runtime Environment to continue.
# Native memory allocation (malloc) failed to allocate 485856 bytes for Chunk::new
# Possible reasons:
#   The system is out of physical RAM or swap space
#   The process is running with CompressedOops enabled, and the Java Heap may be blocking the growth of the native heap
# Possible solutions:
#   Reduce memory load on the system
#   Increase physical memory or swap space
#   Check if swap backing store is full
#   Decrease Java heap size (-Xmx/-Xms)
#   Decrease number of Java threads
#   Decrease Java thread stack sizes (-Xss)
#   Set larger code cache with -XX:ReservedCodeCacheSize=
#   JVM is running with Unscaled Compressed Oops mode in which the Java heap is
#     placed in the first 4GB address space. The Java Heap base address is the
#     maximum limit for the native heap growth. Please use -XX:HeapBaseMinAddress
#     to set the Java Heap base and to place the Java Heap above 4GB virtual address.
# This output file may be truncated or incomplete.
#
#  Out of Memory Error (allocation.cpp:389), pid=12904, tid=0x0000000000002a64
#
# JRE version: OpenJDK Runtime Environment (8.0_242-b01) (build 1.8.0_242-release-1644-b01)
# Java VM: OpenJDK 64-Bit Server VM (25.242-b01 mixed mode windows-amd64 compressed oops)
# Failed to write core dump. Minidumps are not enabled by default on client versions of Windows
#

---------------  T H R E A D  ---------------

Current thread (0x000000001868e000):  JavaThread "C2 CompilerThread1" daemon [_thread_in_native, id=10852, stack(0x0000000019de0000,0x0000000019ee0000)]

Stack: [0x0000000019de0000,0x0000000019ee0000]
[error occurred during error reporting (printing stack bounds), id 0xc0000005]

Native frames: (J=compiled Java code, j=interpreted, Vv=VM code, C=native code)


Current CompileTask:
C2:3115738 23008   !   4       com.google.gson.Gson::getAdapter (257 bytes)


---------------  P R O C E S S  ---------------

Java Threads: ( => current thread )
  0x000000001e5b8000 JavaThread "WorkerExecutor Queue Thread 3" [_thread_blocked, id=1016, stack(0x000000002fcc0000,0x000000002fdc0000)]
  0x000000001e5bc800 JavaThread "WorkerExecutor Queue Thread 2" [_thread_blocked, id=376, stack(0x000000002fbc0000,0x000000002fcc0000)]
  0x000000001e5af000 JavaThread "stdout" [_thread_in_native, id=14104, stack(0x000000002e6b0000,0x000000002e7b0000)]
  0x000000001e5b2000 JavaThread "stderr" [_thread_in_native, id=5488, stack(0x000000002e4b0000,0x000000002e5b0000)]
  0x000000001e5b0800 JavaThread "pool-39-thread-1" [_thread_blocked, id=8476, stack(0x000000002e3b0000,0x000000002e4b0000)]
  0x000000001e5b0000 JavaThread "WorkerExecutor Queue" [_thread_blocked, id=11472, stack(0x000000002e2b0000,0x000000002e3b0000)]
  0x000000001e5ae800 JavaThread "Cache worker for execution history cache (F:\Studies\ShoppingList\.gradle\5.6.4\executionHistory)" [_thread_blocked, id=3672, stack(0x000000002e1b0000,0x000000002e2b0000)]
  0x000000001e5ad800 JavaThread "Execution worker for ':' Thread 11" [_thread_blocked, id=5252, stack(0x000000002e0b0000,0x000000002e1b0000)]
  0x000000001e5b3800 JavaThread "Execution worker for ':' Thread 10" [_thread_blocked, id=13400, stack(0x000000002ddb0000,0x000000002deb0000)]
  0x0000000021eba800 JavaThread "Execution worker for ':' Thread 9" [_thread_blocked, id=4444, stack(0x000000002d9b0000,0x000000002dab0000)]
  0x0000000021eb9000 JavaThread "Execution worker for ':' Thread 8" [_thread_blocked, id=12728, stack(0x00000000285a0000,0x00000000286a0000)]
  0x0000000021ebb800 JavaThread "Execution worker for ':' Thread 7" [_thread_blocked, id=7512, stack(0x00000000284a0000,0x00000000285a0000)]
  0x0000000021eb8800 JavaThread "Execution worker for ':' Thread 6" [_thread_blocked, id=8732, stack(0x00000000283a0000,0x00000000284a0000)]
  0x0000000021eba000 JavaThread "Execution worker for ':' Thread 5" [_thread_blocked, id=10900, stack(0x00000000281a0000,0x00000000282a0000)]
  0x0000000021ebc000 JavaThread "Execution worker for ':' Thread 4" [_thread_blocked, id=6820, stack(0x0000000027aa0000,0x0000000027ba0000)]
  0x0000000021eb7800 JavaThread "Execution worker for ':' Thread 3" [_thread_blocked, id=7888, stack(0x00000000267d0000,0x00000000268d0000)]
  0x0000000021ebd800 JavaThread "Execution worker for ':' Thread 2" [_thread_in_native, id=7452, stack(0x00000000266d0000,0x00000000267d0000)]
  0x0000000021ebd000 JavaThread "Execution worker for ':'" [_thread_blocked, id=10316, stack(0x00000000265d0000,0x00000000266d0000)]
  0x0000000021eb4000 JavaThread "Cache worker for file content cache (F:\Studies\ShoppingList\.gradle\5.6.4\fileContent)" [_thread_blocked, id=12656, stack(0x00000000264d0000,0x00000000265d0000)]
  0x0000000021eaf800 JavaThread "Cache worker for Build Output Cleanup Cache (F:\Studies\ShoppingList\.gradle\buildOutputCleanup)" [_thread_blocked, id=12244, stack(0x00000000263d0000,0x00000000264d0000)]
  0x0000000021eb3000 JavaThread "Build operations Thread 12" [_thread_blocked, id=14176, stack(0x00000000262d0000,0x00000000263d0000)]
  0x0000000021eb2800 JavaThread "Build operations Thread 11" [_thread_blocked, id=11140, stack(0x00000000261d0000,0x00000000262d0000)]
  0x0000000021eb4800 JavaThread "Build operations Thread 10" [_thread_blocked, id=1412, stack(0x00000000260d0000,0x00000000261d0000)]
  0x0000000021eb1000 JavaThread "Build operations Thread 9" [_thread_blocked, id=8844, stack(0x0000000025fd0000,0x00000000260d0000)]
  0x0000000021eb6000 JavaThread "Build operations Thread 8" [_thread_blocked, id=3332, stack(0x00000000258d0000,0x00000000259d0000)]
  0x0000000021eb1800 JavaThread "Build operations Thread 7" [_thread_blocked, id=12152, stack(0x0000000023980000,0x0000000023a80000)]
  0x0000000021eae800 JavaThread "Build operations Thread 6" [_thread_blocked, id=4436, stack(0x0000000023280000,0x0000000023380000)]
  0x000000001e4b3800 JavaThread "Build operations Thread 5" [_thread_blocked, id=7484, stack(0x0000000023080000,0x0000000023180000)]
  0x000000001e4b2800 JavaThread "Build operations Thread 4" [_thread_blocked, id=8100, stack(0x0000000022f80000,0x0000000023080000)]
  0x000000001e4b5000 JavaThread "Build operations Thread 3" [_thread_blocked, id=1356, stack(0x0000000022e80000,0x0000000022f80000)]
  0x000000001e4b4000 JavaThread "Build operations Thread 2" [_thread_blocked, id=12036, stack(0x0000000022d80000,0x0000000022e80000)]
  0x000000001e4b2000 JavaThread "Build operations" [_thread_blocked, id=13228, stack(0x0000000022c80000,0x0000000022d80000)]
  0x000000001e4aa000 JavaThread "Cache worker for cache directory md-rule (C:\Users\Vitalii Zakharenko\.gradle\caches\5.6.4\md-rule)" [_thread_blocked, id=2752, stack(0x0000000022b80000,0x0000000022c80000)]
  0x000000001e4a8800 JavaThread "Cache worker for cache directory md-supplier (C:\Users\Vitalii Zakharenko\.gradle\caches\5.6.4\md-supplier)" [_thread_blocked, id=2488, stack(0x0000000022a80000,0x0000000022b80000)]
  0x000000001e4ab800 JavaThread "Cache worker for file hash cache (F:\Studies\ShoppingList\.gradle\5.6.4\fileHashes)" [_thread_blocked, id=11848, stack(0x0000000022980000,0x0000000022a80000)]
  0x000000001e4af800 JavaThread "Thread-547" [_thread_blocked, id=6784, stack(0x00000000223e0000,0x00000000224e0000)]
  0x000000001e4ae800 JavaThread "Stdin handler" [_thread_blocked, id=6916, stack(0x0000000021210000,0x0000000021310000)]
  0x000000001e4a6800 JavaThread "Asynchronous log dispatcher for DefaultDaemonConnection: socket connection from /127.0.0.1:62949 to /127.0.0.1:63400" [_thread_blocked, id=9596, stack(0x00000000204a0000,0x00000000205a0000)]
  0x000000001e4ad000 JavaThread "Daemon worker Thread 11" [_thread_blocked, id=2212, stack(0x00000000203a0000,0x00000000204a0000)]
  0x000000001e4a5800 JavaThread "Cancel handler" [_thread_blocked, id=1720, stack(0x000000001dc00000,0x000000001dd00000)]
  0x000000001e4a8000 JavaThread "Handler for socket connection from /127.0.0.1:62949 to /127.0.0.1:63400" [_thread_in_native, id=13632, stack(0x000000001d900000,0x000000001da00000)]
  0x000000001e4ab000 JavaThread "Daemon Thread 11" [_thread_blocked, id=10640, stack(0x000000001d800000,0x000000001d900000)]
  0x000000001e4ac800 JavaThread "RMI TCP Connection(63)-127.0.0.1" daemon [_thread_in_native, id=12540, stack(0x000000001d500000,0x000000001d600000)]
  0x000000001e4a7000 JavaThread "RMI TCP Connection(64)-127.0.0.1" daemon [_thread_in_native, id=11512, stack(0x000000001d400000,0x000000001d500000)]
  0x000000002c476000 JavaThread "Cache worker for Java compile cache (C:\Users\Vitalii Zakharenko\.gradle\caches\5.6.4\javaCompile)" [_thread_blocked, id=12652, stack(0x0000000030700000,0x0000000030800000)]
  0x000000002c479800 JavaThread "RMI Reaper" [_thread_blocked, id=2840, stack(0x000000002dcb0000,0x000000002ddb0000)]
  0x0000000024fe6000 JavaThread "RMI TCP Accept-0" daemon [_thread_in_native, id=8072, stack(0x000000002dbb0000,0x000000002dcb0000)]
  0x0000000024fe5800 JavaThread "GC Daemon" daemon [_thread_blocked, id=13304, stack(0x000000002dab0000,0x000000002dbb0000)]
  0x0000000024fe4800 JavaThread "RMI Scheduler(0)" daemon [_thread_blocked, id=14328, stack(0x00000000282a0000,0x00000000283a0000)]
  0x000000001e5b6800 JavaThread "Cache worker for file content cache (C:\Users\Vitalii Zakharenko\.gradle\caches\5.6.4\fileContent)" [_thread_blocked, id=4312, stack(0x00000000257d0000,0x00000000258d0000)]
  0x000000001e5b6000 JavaThread "Memory manager" [_thread_blocked, id=10432, stack(0x0000000025250000,0x0000000025350000)]
  0x000000001c1b2800 JavaThread "Cache worker for execution history cache (C:\Users\Vitalii Zakharenko\.gradle\caches\5.6.4\executionHistory)" [_thread_blocked, id=13624, stack(0x0000000021310000,0x0000000021410000)]
  0x000000001c1b4000 JavaThread "Cache worker for journal cache (C:\Users\Vitalii Zakharenko\.gradle\caches\journal-1)" [_thread_blocked, id=3136, stack(0x000000001e100000,0x000000001e200000)]
  0x000000001c1af800 JavaThread "File lock request listener" [_thread_in_native, id=6236, stack(0x000000001e000000,0x000000001e100000)]
  0x000000001c1ac000 JavaThread "Cache worker for file hash cache (C:\Users\Vitalii Zakharenko\.gradle\caches\5.6.4\fileHashes)" [_thread_blocked, id=7344, stack(0x000000001df00000,0x000000001e000000)]
  0x000000001ba11000 JavaThread "Daemon periodic checks" [_thread_blocked, id=5224, stack(0x000000001d300000,0x000000001d400000)]
  0x000000001ba15000 JavaThread "Incoming local TCP Connector on port 62949" [_thread_in_native, id=9096, stack(0x000000001d0c0000,0x000000001d1c0000)]
  0x000000001bbd8800 JavaThread "Daemon health stats" [_thread_blocked, id=8756, stack(0x000000001ca80000,0x000000001cb80000)]
  0x00000000186cf000 JavaThread "Service Thread" daemon [_thread_blocked, id=2844, stack(0x000000001a0e0000,0x000000001a1e0000)]
  0x0000000018698800 JavaThread "C1 CompilerThread3" daemon [_thread_in_native, id=11328, stack(0x0000000019fe0000,0x000000001a0e0000)]
  0x0000000018698000 JavaThread "C2 CompilerThread2" daemon [_thread_blocked, id=11152, stack(0x0000000019ee0000,0x0000000019fe0000)]
=>0x000000001868e000 JavaThread "C2 CompilerThread1" daemon [_thread_in_native, id=10852, stack(0x0000000019de0000,0x0000000019ee0000)]
  0x0000000018688000 JavaThread "C2 CompilerThread0" daemon [_thread_blocked, id=4880, stack(0x0000000019ce0000,0x0000000019de0000)]
  0x0000000018682000 JavaThread "Attach Listener" daemon [_thread_blocked, id=12548, stack(0x0000000019be0000,0x0000000019ce0000)]
  0x0000000018681000 JavaThread "Signal Dispatcher" daemon [_thread_blocked, id=13728, stack(0x0000000019ae0000,0x0000000019be0000)]
  0x0000000016fb1800 JavaThread "Finalizer" daemon [_thread_blocked, id=10904, stack(0x00000000198e0000,0x00000000199e0000)]
  0x0000000018673000 JavaThread "Reference Handler" daemon [_thread_blocked, id=12720, stack(0x00000000197e0000,0x00000000198e0000)]
  0x0000000002d7e800 JavaThread "main" [_thread_blocked, id=3880, stack(0x0000000002df0000,0x0000000002ef0000)]

Other Threads:
  0x0000000016fa5800 VMThread [stack: 0x00000000196e0000,0x00000000197e0000] [id=11812]
  0x000000001871a800 WatcherThread [stack: 0x000000001a1e0000,0x000000001a2e0000] [id=4404]

VM state:not at safepoint (normal execution)

VM Mutex/Monitor currently owned by a thread: None

heap address: 0x00000000a0000000, size: 1536 MB, Compressed Oops mode: 32-bit
Narrow klass base: 0x0000000000000000, Narrow klass shift: 3
Compressed class space size: 1073741824 Address: 0x0000000100000000

Heap:
 PSYoungGen      total 300032K, used 78950K [0x00000000e0000000, 0x00000000f4c00000, 0x0000000100000000)
  eden space 262144K, 25% used [0x00000000e0000000,0x00000000e403f910,0x00000000f0000000)
  from space 37888K, 34% used [0x00000000f0000000,0x00000000f0cda0e0,0x00000000f2500000)
  to   space 37376K, 0% used [0x00000000f2780000,0x00000000f2780000,0x00000000f4c00000)
 ParOldGen       total 200704K, used 80594K [0x00000000a0000000, 0x00000000ac400000, 0x00000000e0000000)
  object space 200704K, 40% used [0x00000000a0000000,0x00000000a4eb4ac0,0x00000000ac400000)
 Metaspace       used 101477K, capacity 107402K, committed 107688K, reserved 1142784K
  class space    used 13176K, capacity 14212K, committed 14248K, reserved 1048576K

Card table byte_map: [0x00000000123b0000,0x00000000126c0000] byte_map_base: 0x0000000011eb0000

Marking Bits: (ParMarkBitMap*) 0x000000006c15f030
 Begin Bits: [0x00000000132c0000, 0x0000000014ac0000)
 End Bits:   [0x0000000014ac0000, 0x00000000162c0000)

Polling page: 0x00000000013d0000

CodeCache: size=245760Kb used=59613Kb max_used=59613Kb free=186146Kb
 bounds [0x0000000002ff0000, 0x0000000006a80000, 0x0000000011ff0000]
 total_blobs=18984 nmethods=18069 adapters=827
 compilation: enabled

Compilation events (10 events):
Event: 3115.711 Thread 0x0000000018698800 nmethod 23003 0x0000000006a79590 code [0x0000000006a79700, 0x0000000006a79990]
Event: 3115.711 Thread 0x0000000018698800 23004       3       com.google.gson.internal.bind.TimeTypeAdapter$1::create (21 bytes)
Event: 3115.711 Thread 0x000000001868e000 23008   !   4       com.google.gson.Gson::getAdapter (257 bytes)
Event: 3115.711 Thread 0x0000000018698800 nmethod 23004 0x0000000006a78b90 code [0x0000000006a78d40, 0x0000000006a792b8]
Event: 3115.711 Thread 0x0000000018698800 23005       3       com.google.gson.internal.bind.SqlDateTypeAdapter$1::create (21 bytes)
Event: 3115.712 Thread 0x0000000018698800 nmethod 23005 0x0000000006a78190 code [0x0000000006a78340, 0x0000000006a788b8]
Event: 3115.712 Thread 0x0000000018698800 23006       3       com.google.gson.internal.bind.TypeAdapters$26::create (28 bytes)
Event: 3115.712 Thread 0x0000000018698800 nmethod 23006 0x0000000006a76c90 code [0x0000000006a76e40, 0x0000000006a773e8]
Event: 3115.712 Thread 0x0000000018698800 23007       3       com.google.gson.internal.bind.ArrayTypeAdapter$1::create (64 bytes)
Event: 3115.713 Thread 0x0000000018698800 nmethod 23007 0x0000000006a75250 code [0x0000000006a754a0, 0x0000000006a765b8]

GC Heap History (10 events):
Event: 1566.929 GC heap before
{Heap before GC invocations=29 (full 4):
 PSYoungGen      total 292352K, used 268412K [0x00000000e0000000, 0x00000000f4b00000, 0x0000000100000000)
  eden space 251904K, 100% used [0x00000000e0000000,0x00000000ef600000,0x00000000ef600000)
  from space 40448K, 40% used [0x00000000f1f00000,0x00000000f2f1f388,0x00000000f4680000)
  to   space 41984K, 0% used [0x00000000ef600000,0x00000000ef600000,0x00000000f1f00000)
 ParOldGen       total 200704K, used 80554K [0x00000000a0000000, 0x00000000ac400000, 0x00000000e0000000)
  object space 200704K, 40% used [0x00000000a0000000,0x00000000a4eaaac0,0x00000000ac400000)
 Metaspace       used 100224K, capacity 106018K, committed 106408K, reserved 1140736K
  class space    used 13143K, capacity 14156K, committed 14248K, reserved 1048576K
Event: 1567.038 GC heap after
Heap after GC invocations=29 (full 4):
 PSYoungGen      total 293888K, used 28404K [0x00000000e0000000, 0x00000000f5100000, 0x0000000100000000)
  eden space 251904K, 0% used [0x00000000e0000000,0x00000000e0000000,0x00000000ef600000)
  from space 41984K, 67% used [0x00000000ef600000,0x00000000f11bd138,0x00000000f1f00000)
  to   space 42496K, 0% used [0x00000000f2780000,0x00000000f2780000,0x00000000f5100000)
 ParOldGen       total 200704K, used 80562K [0x00000000a0000000, 0x00000000ac400000, 0x00000000e0000000)
  object space 200704K, 40% used [0x00000000a0000000,0x00000000a4eacac0,0x00000000ac400000)
 Metaspace       used 100224K, capacity 106018K, committed 106408K, reserved 1140736K
  class space    used 13143K, capacity 14156K, committed 14248K, reserved 1048576K
}
Event: 1989.138 GC heap before
{Heap before GC invocations=30 (full 4):
 PSYoungGen      total 293888K, used 280308K [0x00000000e0000000, 0x00000000f5100000, 0x0000000100000000)
  eden space 251904K, 100% used [0x00000000e0000000,0x00000000ef600000,0x00000000ef600000)
  from space 41984K, 67% used [0x00000000ef600000,0x00000000f11bd138,0x00000000f1f00000)
  to   space 42496K, 0% used [0x00000000f2780000,0x00000000f2780000,0x00000000f5100000)
 ParOldGen       total 200704K, used 80562K [0x00000000a0000000, 0x00000000ac400000, 0x00000000e0000000)
  object space 200704K, 40% used [0x00000000a0000000,0x00000000a4eacac0,0x00000000ac400000)
 Metaspace       used 101044K, capacity 106892K, committed 107176K, reserved 1142784K
  class space    used 13169K, capacity 14203K, committed 14248K, reserved 1048576K
Event: 1989.191 GC heap after
Heap after GC invocations=30 (full 4):
 PSYoungGen      total 294400K, used 20006K [0x00000000e0000000, 0x00000000f4b00000, 0x0000000100000000)
  eden space 258048K, 0% used [0x00000000e0000000,0x00000000e0000000,0x00000000efc00000)
  from space 36352K, 55% used [0x00000000f2780000,0x00000000f3b099f8,0x00000000f4b00000)
  to   space 40448K, 0% used [0x00000000efc00000,0x00000000efc00000,0x00000000f2380000)
 ParOldGen       total 200704K, used 80570K [0x00000000a0000000, 0x00000000ac400000, 0x00000000e0000000)
  object space 200704K, 40% used [0x00000000a0000000,0x00000000a4eaeac0,0x00000000ac400000)
 Metaspace       used 101044K, capacity 106892K, committed 107176K, reserved 1142784K
  class space    used 13169K, capacity 14203K, committed 14248K, reserved 1048576K
}
Event: 2086.553 GC heap before
{Heap before GC invocations=31 (full 4):
 PSYoungGen      total 294400K, used 278054K [0x00000000e0000000, 0x00000000f4b00000, 0x0000000100000000)
  eden space 258048K, 100% used [0x00000000e0000000,0x00000000efc00000,0x00000000efc00000)
  from space 36352K, 55% used [0x00000000f2780000,0x00000000f3b099f8,0x00000000f4b00000)
  to   space 40448K, 0% used [0x00000000efc00000,0x00000000efc00000,0x00000000f2380000)
 ParOldGen       total 200704K, used 80570K [0x00000000a0000000, 0x00000000ac400000, 0x00000000e0000000)
  object space 200704K, 40% used [0x00000000a0000000,0x00000000a4eaeac0,0x00000000ac400000)
 Metaspace       used 101173K, capacity 107100K, committed 107432K, reserved 1142784K
  class space    used 13170K, capacity 14205K, committed 14248K, reserved 1048576K
Event: 2086.608 GC heap after
Heap after GC invocations=31 (full 4):
 PSYoungGen      total 298496K, used 19146K [0x00000000e0000000, 0x00000000f4d00000, 0x0000000100000000)
  eden space 258048K, 0% used [0x00000000e0000000,0x00000000e0000000,0x00000000efc00000)
  from space 40448K, 47% used [0x00000000efc00000,0x00000000f0eb28a0,0x00000000f2380000)
  to   space 38912K, 0% used [0x00000000f2700000,0x00000000f2700000,0x00000000f4d00000)
 ParOldGen       total 200704K, used 80578K [0x00000000a0000000, 0x00000000ac400000, 0x00000000e0000000)
  object space 200704K, 40% used [0x00000000a0000000,0x00000000a4eb0ac0,0x00000000ac400000)
 Metaspace       used 101173K, capacity 107100K, committed 107432K, reserved 1142784K
  class space    used 13170K, capacity 14205K, committed 14248K, reserved 1048576K
}
Event: 2579.030 GC heap before
{Heap before GC invocations=32 (full 4):
 PSYoungGen      total 298496K, used 277194K [0x00000000e0000000, 0x00000000f4d00000, 0x0000000100000000)
  eden space 258048K, 100% used [0x00000000e0000000,0x00000000efc00000,0x00000000efc00000)
  from space 40448K, 47% used [0x00000000efc00000,0x00000000f0eb28a0,0x00000000f2380000)
  to   space 38912K, 0% used [0x00000000f2700000,0x00000000f2700000,0x00000000f4d00000)
 ParOldGen       total 200704K, used 80578K [0x00000000a0000000, 0x00000000ac400000, 0x00000000e0000000)
  object space 200704K, 40% used [0x00000000a0000000,0x00000000a4eb0ac0,0x00000000ac400000)
 Metaspace       used 101317K, capacity 107258K, committed 107688K, reserved 1142784K
  class space    used 13173K, capacity 14210K, committed 14248K, reserved 1048576K
Event: 2579.053 GC heap after
Heap after GC invocations=32 (full 4):
 PSYoungGen      total 297984K, used 19098K [0x00000000e0000000, 0x00000000f4a00000, 0x0000000100000000)
  eden space 262144K, 0% used [0x00000000e0000000,0x00000000e0000000,0x00000000f0000000)
  from space 35840K, 53% used [0x00000000f2700000,0x00000000f39a68d0,0x00000000f4a00000)
  to   space 37888K, 0% used [0x00000000f0000000,0x00000000f0000000,0x00000000f2500000)
 ParOldGen       total 200704K, used 80586K [0x00000000a0000000, 0x00000000ac400000, 0x00000000e0000000)
  object space 200704K, 40% used [0x00000000a0000000,0x00000000a4eb2ac0,0x00000000ac400000)
 Metaspace       used 101317K, capacity 107258K, committed 107688K, reserved 1142784K
  class space    used 13173K, capacity 14210K, committed 14248K, reserved 1048576K
}
Event: 3114.901 GC heap before
{Heap before GC invocations=33 (full 4):
 PSYoungGen      total 297984K, used 281242K [0x00000000e0000000, 0x00000000f4a00000, 0x0000000100000000)
  eden space 262144K, 100% used [0x00000000e0000000,0x00000000f0000000,0x00000000f0000000)
  from space 35840K, 53% used [0x00000000f2700000,0x00000000f39a68d0,0x00000000f4a00000)
  to   space 37888K, 0% used [0x00000000f0000000,0x00000000f0000000,0x00000000f2500000)
 ParOldGen       total 200704K, used 80586K [0x00000000a0000000, 0x00000000ac400000, 0x00000000e0000000)
  object space 200704K, 40% used [0x00000000a0000000,0x00000000a4eb2ac0,0x00000000ac400000)
 Metaspace       used 101461K, capacity 107402K, committed 107688K, reserved 1142784K
  class space    used 13176K, capacity 14212K, committed 14248K, reserved 1048576K
Event: 3114.912 GC heap after
Heap after GC invocations=33 (full 4):
 PSYoungGen      total 300032K, used 13160K [0x00000000e0000000, 0x00000000f4c00000, 0x0000000100000000)
  eden space 262144K, 0% used [0x00000000e0000000,0x00000000e0000000,0x00000000f0000000)
  from space 37888K, 34% used [0x00000000f0000000,0x00000000f0cda0e0,0x00000000f2500000)
  to   space 37376K, 0% used [0x00000000f2780000,0x00000000f2780000,0x00000000f4c00000)
 ParOldGen       total 200704K, used 80594K [0x00000000a0000000, 0x00000000ac400000, 0x00000000e0000000)
  object space 200704K, 40% used [0x00000000a0000000,0x00000000a4eb4ac0,0x00000000ac400000)
 Metaspace       used 101461K, capacity 107402K, committed 107688K, reserved 1142784K
  class space    used 13176K, capacity 14212K, committed 14248K, reserved 1048576K
}

Deoptimization events (10 events):
Event: 3114.620 Thread 0x0000000021ebd800 Uncommon trap: reason=unstable_if action=reinterpret pc=0x00000000053ae5b8 method=com.android.ide.common.resources.DataItem.isRemoved()Z @ 6
Event: 3114.627 Thread 0x0000000021ebd800 Uncommon trap: reason=unstable_if action=reinterpret pc=0x000000000539c52c method=com.android.ide.common.resources.DataItem.isRemoved()Z @ 6
Event: 3114.629 Thread 0x0000000021ebd800 Uncommon trap: reason=unstable_if action=reinterpret pc=0x000000000553920c method=java.util.concurrent.ConcurrentHashMap.replaceNode(Ljava/lang/Object;Ljava/lang/Object;Ljava/lang/Object;)Ljava/lang/Object; @ 136
Event: 3114.720 Thread 0x0000000021ebd800 Uncommon trap: reason=unstable_if action=reinterpret pc=0x00000000036d4544 method=com.google.gson.stream.JsonReader.readEscapeCharacter()C @ 8
Event: 3114.763 Thread 0x0000000021ebd800 Uncommon trap: reason=unstable_if action=reinterpret pc=0x000000000485e7b0 method=java.lang.Integer.parseInt(Ljava/lang/String;I)I @ 122
Event: 3114.763 Thread 0x0000000021ebd800 Uncommon trap: reason=unstable_if action=reinterpret pc=0x0000000004ec9240 method=java.lang.Integer.parseInt(Ljava/lang/String;I)I @ 122
Event: 3114.804 Thread 0x0000000021ebd800 Uncommon trap: reason=unstable_if action=reinterpret pc=0x000000000392b5d8 method=java.lang.AbstractStringBuilder.append(I)Ljava/lang/AbstractStringBuilder; @ 16
Event: 3114.804 Thread 0x0000000021ebd800 Uncommon trap: reason=unstable_if action=reinterpret pc=0x000000000391fa60 method=java.lang.Integer.getChars(II[C)V @ 7
Event: 3114.879 Thread 0x0000000021eb7800 Uncommon trap: reason=unstable_if action=reinterpret pc=0x00000000045af978 method=java.util.concurrent.locks.LockSupport.unpark(Ljava/lang/Thread;)V @ 1
Event: 3114.948 Thread 0x0000000021ebd800 Uncommon trap: reason=speculate_class_check action=maybe_recompile pc=0x000000000505521c method=java.nio.charset.CharsetEncoder.reset()Ljava/nio/charset/CharsetEncoder; @ 1

Classes redefined (0 events):
No events

Internal exceptions (10 events):
Event: 1993.657 Thread 0x000000001e5b0800 Exception <a 'java/lang/InterruptedException'> (0x00000000e8a94a88) thrown at [C:\src\AOSP-openjdk-git\hotspot\src\share\vm\runtime\objectMonitor.cpp, line 1680]
Event: 1994.343 Thread 0x0000000021eb3000 Exception <a 'sun/nio/fs/WindowsException'> (0x00000000e9b48690) thrown at [C:\src\AOSP-openjdk-git\hotspot\src\share\vm\prims\jni.cpp, line 710]
Event: 2088.817 Thread 0x000000001e4ab800 Exception <a 'sun/nio/fs/WindowsException'> (0x00000000e5d97098) thrown at [C:\src\AOSP-openjdk-git\hotspot\src\share\vm\prims\jni.cpp, line 710]
Event: 2088.817 Thread 0x000000001e4ab800 Exception <a 'sun/nio/fs/WindowsException'> (0x00000000e5d97540) thrown at [C:\src\AOSP-openjdk-git\hotspot\src\share\vm\prims\jni.cpp, line 710]
Event: 2090.271 Thread 0x000000001e4b3800 Exception <a 'java/lang/InterruptedException'> (0x00000000e88eab88) thrown at [C:\src\AOSP-openjdk-git\hotspot\src\share\vm\runtime\objectMonitor.cpp, line 1680]
Event: 2090.406 Thread 0x0000000024fdd000 Implicit null exception at 0x0000000003981b0f to 0x00000000039821e5
Event: 2090.687 Thread 0x0000000024fdd000 Exception <a 'sun/nio/fs/WindowsException'> (0x00000000ea5f50c0) thrown at [C:\src\AOSP-openjdk-git\hotspot\src\share\vm\prims\jni.cpp, line 710]
Event: 2579.468 Thread 0x000000001e5b0000 Exception <a 'sun/nio/fs/WindowsException'> (0x00000000e5787170) thrown at [C:\src\AOSP-openjdk-git\hotspot\src\share\vm\prims\jni.cpp, line 710]
Event: 3115.634 Thread 0x000000001e5b0000 Exception <a 'sun/nio/fs/WindowsException'> (0x00000000e2455770) thrown at [C:\src\AOSP-openjdk-git\hotspot\src\share\vm\prims\jni.cpp, line 710]
Event: 3115.634 Thread 0x000000001e5b0000 Exception <a 'sun/nio/fs/WindowsException'> (0x00000000e2455c18) thrown at [C:\src\AOSP-openjdk-git\hotspot\src\share\vm\prims\jni.cpp, line 710]

Events (10 events):
Event: 3114.912 Executing VM operation: ParallelGCFailedAllocation done
Event: 3114.938 Executing VM operation: RevokeBias
Event: 3114.938 Executing VM operation: RevokeBias done
Event: 3114.948 Thread 0x0000000021ebd800 Uncommon trap: trap_request=0xffffff76 fr.pc=0x000000000505521c
Event: 3114.948 Thread 0x0000000021ebd800 DEOPT PACKING pc=0x000000000505521c sp=0x00000000267cc110
Event: 3114.948 Thread 0x0000000021ebd800 DEOPT UNPACKING pc=0x000000000303557b sp=0x00000000267cc068 mode 2
Event: 3114.986 Thread 0x000000001e5bc800 Thread added: 0x000000001e5bc800
Event: 3114.986 Thread 0x000000001e5b8000 Thread added: 0x000000001e5b8000
Event: 3114.988 Executing VM operation: RevokeBias
Event: 3114.988 Executing VM operation: RevokeBias done


Dynamic libraries:
0x00007ff78b190000 - 0x00007ff78b1c1000 	C:\Program Files\Android\Android Studio\jre\bin\java.exe
0x00007ffbb7d00000 - 0x00007ffbb7ef0000 	C:\WINDOWS\SYSTEM32\ntdll.dll
0x00007ffb924a0000 - 0x00007ffb924b3000 	C:\Program Files\AVAST Software\Avast\aswhook.dll
0x00007ffbb6090000 - 0x00007ffbb6142000 	C:\WINDOWS\System32\KERNEL32.DLL
0x00007ffbb4cb0000 - 0x00007ffbb4f54000 	C:\WINDOWS\System32\KERNELBASE.dll
0x00007ffbb5db0000 - 0x00007ffbb5e53000 	C:\WINDOWS\System32\ADVAPI32.dll
0x00007ffbb7410000 - 0x00007ffbb74ae000 	C:\WINDOWS\System32\msvcrt.dll
0x00007ffbb7370000 - 0x00007ffbb7407000 	C:\WINDOWS\System32\sechost.dll
0x00007ffbb74b0000 - 0x00007ffbb75d0000 	C:\WINDOWS\System32\RPCRT4.dll
0x00007ffbb6e70000 - 0x00007ffbb7004000 	C:\WINDOWS\System32\USER32.dll
0x00007ffbb5990000 - 0x00007ffbb59b1000 	C:\WINDOWS\System32\win32u.dll
0x00007ffbb6410000 - 0x00007ffbb6436000 	C:\WINDOWS\System32\GDI32.dll
0x00007ffbb4f60000 - 0x00007ffbb50f5000 	C:\WINDOWS\System32\gdi32full.dll
0x00007ffbb59c0000 - 0x00007ffbb5a5e000 	C:\WINDOWS\System32\msvcp_win.dll
0x00007ffbb5c60000 - 0x00007ffbb5d5a000 	C:\WINDOWS\System32\ucrtbase.dll
0x00007ffba7210000 - 0x00007ffba7494000 	C:\WINDOWS\WinSxS\amd64_microsoft.windows.common-controls_6595b64144ccf1df_6.0.18362.900_none_e6beb9d913147d17\COMCTL32.dll
0x00007ffbb7010000 - 0x00007ffbb7345000 	C:\WINDOWS\System32\combase.dll
0x00007ffbb5be0000 - 0x00007ffbb5c60000 	C:\WINDOWS\System32\bcryptPrimitives.dll
0x00007ffbb6680000 - 0x00007ffbb66ae000 	C:\WINDOWS\System32\IMM32.DLL
0x000000006aaf0000 - 0x000000006abc2000 	C:\Program Files\Android\Android Studio\jre\jre\bin\msvcr100.dll
0x000000006b990000 - 0x000000006c1db000 	C:\Program Files\Android\Android Studio\jre\jre\bin\server\jvm.dll
0x00007ffbb7350000 - 0x00007ffbb7358000 	C:\WINDOWS\System32\PSAPI.DLL
0x00007ffba45c0000 - 0x00007ffba45c9000 	C:\WINDOWS\SYSTEM32\WSOCK32.dll
0x00007ffbb6e00000 - 0x00007ffbb6e6f000 	C:\WINDOWS\System32\WS2_32.dll
0x00007ffbb2940000 - 0x00007ffbb2964000 	C:\WINDOWS\SYSTEM32\WINMM.dll
0x00007ffbb3690000 - 0x00007ffbb369a000 	C:\WINDOWS\SYSTEM32\VERSION.dll
0x00007ffbb2910000 - 0x00007ffbb293d000 	C:\WINDOWS\SYSTEM32\WINMMBASE.dll
0x00007ffbb5d60000 - 0x00007ffbb5daa000 	C:\WINDOWS\System32\cfgmgr32.dll
0x00007ffbb3310000 - 0x00007ffbb331f000 	C:\Program Files\Android\Android Studio\jre\jre\bin\verify.dll
0x00007ffba5ce0000 - 0x00007ffba5d09000 	C:\Program Files\Android\Android Studio\jre\jre\bin\java.dll
0x00007ffbb32d0000 - 0x00007ffbb32e6000 	C:\Program Files\Android\Android Studio\jre\jre\bin\zip.dll
0x00007ffbb75d0000 - 0x00007ffbb7cb6000 	C:\WINDOWS\System32\SHELL32.dll
0x00007ffbb6220000 - 0x00007ffbb62c9000 	C:\WINDOWS\System32\shcore.dll
0x00007ffbb5210000 - 0x00007ffbb5990000 	C:\WINDOWS\System32\windows.storage.dll
0x00007ffbb4bd0000 - 0x00007ffbb4bf3000 	C:\WINDOWS\System32\profapi.dll
0x00007ffbb4c40000 - 0x00007ffbb4c8a000 	C:\WINDOWS\System32\powrprof.dll
0x00007ffbb4bc0000 - 0x00007ffbb4bd0000 	C:\WINDOWS\System32\UMPDC.dll
0x00007ffbb6740000 - 0x00007ffbb6792000 	C:\WINDOWS\System32\shlwapi.dll
0x00007ffbb4c20000 - 0x00007ffbb4c31000 	C:\WINDOWS\System32\kernel.appcore.dll
0x00007ffbb4c90000 - 0x00007ffbb4ca7000 	C:\WINDOWS\System32\cryptsp.dll
0x00007ffbaced0000 - 0x00007ffbaceea000 	C:\Program Files\Android\Android Studio\jre\jre\bin\net.dll
0x00007ffbb43e0000 - 0x00007ffbb4447000 	C:\WINDOWS\system32\mswsock.dll
0x00007ffba5c00000 - 0x00007ffba5c13000 	C:\Program Files\Android\Android Studio\jre\jre\bin\nio.dll
0x00007ffb9f990000 - 0x00007ffb9f9b6000 	C:\Users\Vitalii Zakharenko\.gradle\native\30\windows-amd64\native-platform.dll
0x00007ffbb3300000 - 0x00007ffbb330d000 	C:\Program Files\Android\Android Studio\jre\jre\bin\management.dll
0x00007ffbb3f60000 - 0x00007ffbb3f93000 	C:\WINDOWS\system32\rsaenh.dll
0x00007ffbb5a60000 - 0x00007ffbb5a86000 	C:\WINDOWS\System32\bcrypt.dll
0x00007ffbb4ae0000 - 0x00007ffbb4b05000 	C:\WINDOWS\SYSTEM32\USERENV.dll
0x00007ffbb4560000 - 0x00007ffbb456c000 	C:\WINDOWS\SYSTEM32\CRYPTBASE.dll
0x00007ffbb4100000 - 0x00007ffbb413a000 	C:\WINDOWS\SYSTEM32\IPHLPAPI.DLL
0x00007ffbb7360000 - 0x00007ffbb7368000 	C:\WINDOWS\System32\NSI.dll
0x00007ffbae8e0000 - 0x00007ffbae8f6000 	C:\WINDOWS\SYSTEM32\dhcpcsvc6.DLL
0x00007ffbae130000 - 0x00007ffbae14c000 	C:\WINDOWS\SYSTEM32\dhcpcsvc.DLL
0x00007ffbb4140000 - 0x00007ffbb420b000 	C:\WINDOWS\SYSTEM32\DNSAPI.dll
0x00007ffb92760000 - 0x00007ffb9277e000 	C:\Users\Vitalii Zakharenko\AppData\Local\Temp\native-platform7079798457421619332dir\native-platform.dll

VM Arguments:
jvm_args: -Xmx1536m -Dfile.encoding=windows-1252 -Duser.country=US -Duser.language=en -Duser.variant 
java_command: org.gradle.launcher.daemon.bootstrap.GradleDaemon 5.6.4
java_class_path (initial): C:\Users\Vitalii Zakharenko\.gradle\wrapper\dists\gradle-5.6.4-all\ankdp27end7byghfw1q2sw75f\gradle-5.6.4\lib\gradle-launcher-5.6.4.jar
Launcher Type: SUN_STANDARD

Environment Variables:
CLASSPATH=.;
PATH=C:\Windows\system32;C:\Windows;C:\Windows\System32\Wbem;C:\Windows\System32\WindowsPowerShell\v1.0\;C:\Windows\System32\OpenSSH\;C:\Program Files\NVIDIA Corporation\NVIDIA NvDLISR;C:\Program Files (x86)\NVIDIA Corporation\PhysX\Common;F:\Java\bin;C:\Program Files\Git\cmd;C:\WINDOWS\system32;C:\WINDOWS;C:\WINDOWS\System32\Wbem;C:\WINDOWS\System32\WindowsPowerShell\v1.0\;C:\WINDOWS\System32\OpenSSH\;C:\Program Files\MySQL\MySQL Shell 8.0\bin\;C:\Users\Vitalii Zakharenko\AppData\Local\Microsoft\WindowsApps;F:\IntelliJ\IntelliJ IDEA Community Edition 2018.3.2\bin;C:\Users\Vitalii Zakharenko\AppData\Local\GitHubDesktop\bin;%USERPROFILE%\AppData\Local\Microsoft\WindowsApps;
USERNAME=Vitalii Zakharenko
OS=Windows_NT
PROCESSOR_IDENTIFIER=AMD64 Family 23 Model 8 Stepping 2, AuthenticAMD



---------------  S Y S T E M  ---------------

OS: Windows 10.0 , 64 bit Build 18362 (10.0.18362.900)

CPU:total 12 (initial active 12) (12 cores per cpu, 1 threads per core) family 23 model 8 stepping 2, cmov, cx8, fxsr, mmx, sse, sse2, sse3, ssse3, sse4.1, sse4.2, popcnt, avx, avx2, aes, clmul, mmxext, 3dnowpref, lzcnt, sse4a, tsc, tscinvbit, tscinv, bmi1

Memory: 4k page, physical 8321988k(1287628k free), swap 22837064k(4460k free)

vm_info: OpenJDK 64-Bit Server VM (25.242-b01) for windows-amd64 JRE (1.8.0_242-release-1644-b01), built by "builder" with MS VC++ 10.0 (VS2010)

time: Tue Jul 14 13:59:46 2020
timezone: FLE Daylight Time
elapsed time: 3115 seconds (0d 0h 51m 55s)

